{"total": {"lines":{"total":600,"covered":578,"skipped":0,"pct":96.33},"statements":{"total":600,"covered":578,"skipped":0,"pct":96.33},"functions":{"total":23,"covered":23,"skipped":0,"pct":100},"branches":{"total":188,"covered":166,"skipped":0,"pct":88.29},"branchesTrue":{"total":0,"covered":0,"skipped":0,"pct":100}}
,"/Users/tej/src/plancop/server/storage-versions.ts": {"lines":{"total":129,"covered":119,"skipped":0,"pct":92.24},"functions":{"total":11,"covered":11,"skipped":0,"pct":100},"statements":{"total":129,"covered":119,"skipped":0,"pct":92.24},"branches":{"total":33,"covered":25,"skipped":0,"pct":75.75}}
,"/Users/tej/src/plancop/src/types/hook.ts": {"lines":{"total":8,"covered":8,"skipped":0,"pct":100},"functions":{"total":1,"covered":1,"skipped":0,"pct":100},"statements":{"total":8,"covered":8,"skipped":0,"pct":100},"branches":{"total":6,"covered":6,"skipped":0,"pct":100}}
,"/Users/tej/src/plancop/ui/src/utils/annotationHelpers.ts": {"lines":{"total":61,"covered":61,"skipped":0,"pct":100},"functions":{"total":2,"covered":2,"skipped":0,"pct":100},"statements":{"total":61,"covered":61,"skipped":0,"pct":100},"branches":{"total":25,"covered":20,"skipped":0,"pct":80}}
,"/Users/tej/src/plancop/ui/src/utils/feedback.ts": {"lines":{"total":54,"covered":54,"skipped":0,"pct":100},"functions":{"total":2,"covered":2,"skipped":0,"pct":100},"statements":{"total":54,"covered":54,"skipped":0,"pct":100},"branches":{"total":22,"covered":19,"skipped":0,"pct":86.36}}
,"/Users/tej/src/plancop/ui/src/utils/parser.ts": {"lines":{"total":295,"covered":283,"skipped":0,"pct":95.93},"functions":{"total":5,"covered":5,"skipped":0,"pct":100},"statements":{"total":295,"covered":283,"skipped":0,"pct":95.93},"branches":{"total":89,"covered":83,"skipped":0,"pct":93.25}}
,"/Users/tej/src/plancop/ui/src/utils/planDiffEngine.ts": {"lines":{"total":53,"covered":53,"skipped":0,"pct":100},"functions":{"total":2,"covered":2,"skipped":0,"pct":100},"statements":{"total":53,"covered":53,"skipped":0,"pct":100},"branches":{"total":13,"covered":13,"skipped":0,"pct":100}}
}
